::1 - - [12/Jul/2024:16:18:58 +0000] "GET /favicon.ico HTTP/1.1" 304 -
::ffff:127.0.0.1 - - [13/Jul/2024:02:03:11 +0000] "GET /favicon.ico HTTP/1.1" 304 -
::ffff:127.0.0.1 - - [13/Jul/2024:02:03:22 +0000] "GET /favicon.ico HTTP/1.1" 304 -
::1 - - [21/Jul/2024:14:08:52 +0000] "GET /favicon.ico HTTP/1.1" 200 239
::1 - - [21/Jul/2024:14:09:08 +0000] "GET /favicon.ico HTTP/1.1" 304 -
::1 - - [21/Jul/2024:14:09:10 +0000] "GET /favicon.ico HTTP/1.1" 304 -
::1 - - [21/Jul/2024:14:09:30 +0000] "GET /favicon.ico HTTP/1.1" 304 -
::1 - - [21/Jul/2024:14:09:54 +0000] "GET /favicon.ico HTTP/1.1" 304 -
::ffff:127.0.0.1 - - [21/Jul/2024:14:16:45 +0000] "POST / HTTP/1.1" 200 239
::ffff:127.0.0.1 - - [21/Jul/2024:14:16:50 +0000] "POST /users HTTP/1.1" 200 239
::ffff:127.0.0.1 - - [21/Jul/2024:14:17:00 +0000] "POST /users HTTP/1.1" 200 239
::ffff:127.0.0.1 - - [21/Jul/2024:14:28:57 +0000] "POST /users/10 HTTP/1.1" 200 239
::ffff:127.0.0.1 - - [23/Jul/2024:02:23:32 +0000] "POST /courses HTTP/1.1" 200 239
::ffff:127.0.0.1 - - [23/Jul/2024:02:23:45 +0000] "POST /courses HTTP/1.1" 200 239
::1 - - [29/Jul/2024:16:29:15 +0000] "GET /favicon.ico HTTP/1.1" 200 239
::ffff:127.0.0.1 - - [29/Jul/2024:16:30:05 +0000] "GET /favicon.ico HTTP/1.1" 304 -
::ffff:127.0.0.1 - - [29/Jul/2024:16:30:06 +0000] "GET /favicon.ico HTTP/1.1" 304 -
::1 - - [29/Jul/2024:16:30:12 +0000] "GET /favicon.ico HTTP/1.1" 304 -
::1 - - [29/Jul/2024:16:30:28 +0000] "GET /favicon.ico HTTP/1.1" 304 -
::1 - - [29/Jul/2024:16:30:38 +0000] "GET /favicon.ico HTTP/1.1" 304 -
::1 - - [29/Jul/2024:16:31:27 +0000] "GET /favicon.ico HTTP/1.1" 304 -
::1 - - [29/Jul/2024:16:33:15 +0000] "GET /favicon.ico HTTP/1.1" 304 -
::1 - - [29/Jul/2024:16:33:17 +0000] "GET /favicon.ico HTTP/1.1" 304 -
::1 - - [29/Jul/2024:16:34:31 +0000] "GET /favicon.ico HTTP/1.1" 304 -
::1 - - [29/Jul/2024:16:34:35 +0000] "GET /favicon.ico HTTP/1.1" 304 -
::1 - - [29/Jul/2024:16:35:43 +0000] "GET /favicon.ico HTTP/1.1" 304 -
::1 - - [29/Jul/2024:16:35:46 +0000] "GET /favicon.ico HTTP/1.1" 304 -
::1 - - [29/Jul/2024:16:36:04 +0000] "GET /favicon.ico HTTP/1.1" 304 -
::1 - - [29/Jul/2024:16:36:14 +0000] "GET /favicon.ico HTTP/1.1" 304 -
::1 - - [29/Jul/2024:16:40:25 +0000] "GET /favicon.ico HTTP/1.1" 304 -
::1 - - [29/Jul/2024:16:40:49 +0000] "GET /favicon.ico HTTP/1.1" 304 -
::1 - - [29/Jul/2024:16:41:06 +0000] "GET /favicon.ico HTTP/1.1" 304 -
::1 - - [29/Jul/2024:16:41:08 +0000] "GET /favicon.ico HTTP/1.1" 304 -
::1 - - [29/Jul/2024:16:41:10 +0000] "GET /favicon.ico HTTP/1.1" 304 -
::1 - - [29/Jul/2024:16:41:22 +0000] "GET /favicon.ico HTTP/1.1" 304 -
::1 - - [29/Jul/2024:16:41:23 +0000] "GET /favicon.ico HTTP/1.1" 304 -
::1 - - [29/Jul/2024:16:41:25 +0000] "GET /favicon.ico HTTP/1.1" 304 -
::1 - - [29/Jul/2024:16:41:45 +0000] "GET /favicon.ico HTTP/1.1" 304 -
::1 - - [29/Jul/2024:16:41:51 +0000] "GET /favicon.ico HTTP/1.1" 304 -
::1 - - [29/Jul/2024:16:42:01 +0000] "GET /favicon.ico HTTP/1.1" 304 -
::1 - - [29/Jul/2024:16:42:04 +0000] "GET /favicon.ico HTTP/1.1" 304 -
::1 - - [29/Jul/2024:16:42:05 +0000] "GET /favicon.ico HTTP/1.1" 304 -
::1 - - [29/Jul/2024:16:42:05 +0000] "GET /favicon.ico HTTP/1.1" 304 -
::1 - - [29/Jul/2024:16:42:25 +0000] "GET /favicon.ico HTTP/1.1" 304 -
::1 - - [29/Jul/2024:16:42:26 +0000] "GET /favicon.ico HTTP/1.1" 304 -
::1 - - [29/Jul/2024:16:46:23 +0000] "GET /favicon.ico HTTP/1.1" 304 -
::1 - - [29/Jul/2024:16:46:31 +0000] "GET /favicon.ico HTTP/1.1" 304 -
::1 - - [29/Jul/2024:16:46:31 +0000] "GET /favicon.ico HTTP/1.1" 304 -
::1 - - [29/Jul/2024:16:46:33 +0000] "GET /favicon.ico HTTP/1.1" 304 -
::1 - - [29/Jul/2024:16:46:59 +0000] "GET /favicon.ico HTTP/1.1" 304 -
::1 - - [29/Jul/2024:16:47:05 +0000] "GET /favicon.ico HTTP/1.1" 304 -
::1 - - [29/Jul/2024:16:47:13 +0000] "GET /favicon.ico HTTP/1.1" 304 -
::1 - - [29/Jul/2024:16:47:15 +0000] "GET /favicon.ico HTTP/1.1" 304 -
::1 - - [29/Jul/2024:16:47:15 +0000] "GET /favicon.ico HTTP/1.1" 304 -
::1 - - [29/Jul/2024:16:47:16 +0000] "GET /favicon.ico HTTP/1.1" 304 -
::1 - - [29/Jul/2024:16:47:16 +0000] "GET /favicon.ico HTTP/1.1" 304 -
::1 - - [29/Jul/2024:16:47:18 +0000] "GET /favicon.ico HTTP/1.1" 304 -
::1 - - [29/Jul/2024:16:47:21 +0000] "POST /logout HTTP/1.1" 200 239
::1 - - [29/Jul/2024:16:47:21 +0000] "GET /favicon.ico HTTP/1.1" 304 -
::1 - - [29/Jul/2024:16:47:51 +0000] "GET /favicon.ico HTTP/1.1" 304 -
::1 - - [29/Jul/2024:16:47:56 +0000] "GET /favicon.ico HTTP/1.1" 304 -
::1 - - [29/Jul/2024:16:47:57 +0000] "GET /favicon.ico HTTP/1.1" 304 -
::1 - - [29/Jul/2024:16:48:00 +0000] "GET /favicon.ico HTTP/1.1" 304 -
::1 - - [29/Jul/2024:16:48:21 +0000] "GET /favicon.ico HTTP/1.1" 304 -
::1 - - [29/Jul/2024:16:48:24 +0000] "GET /favicon.ico HTTP/1.1" 304 -
::1 - - [29/Jul/2024:16:48:26 +0000] "GET /favicon.ico HTTP/1.1" 304 -
::1 - - [29/Jul/2024:16:49:08 +0000] "GET /favicon.ico HTTP/1.1" 304 -
::1 - - [29/Jul/2024:16:49:17 +0000] "GET /favicon.ico HTTP/1.1" 304 -
::1 - - [29/Jul/2024:16:49:23 +0000] "GET /favicon.ico HTTP/1.1" 304 -
::1 - - [29/Jul/2024:16:49:24 +0000] "GET /favicon.ico HTTP/1.1" 304 -
::1 - - [29/Jul/2024:16:49:25 +0000] "GET /favicon.ico HTTP/1.1" 304 -
::1 - - [29/Jul/2024:16:49:25 +0000] "GET /favicon.ico HTTP/1.1" 304 -
::1 - - [29/Jul/2024:16:49:26 +0000] "GET /favicon.ico HTTP/1.1" 304 -
::1 - - [29/Jul/2024:16:49:28 +0000] "GET /favicon.ico HTTP/1.1" 304 -
::1 - - [29/Jul/2024:16:49:42 +0000] "GET /favicon.ico HTTP/1.1" 304 -
::1 - - [29/Jul/2024:16:49:44 +0000] "GET /favicon.ico HTTP/1.1" 304 -
::1 - - [29/Jul/2024:16:50:32 +0000] "GET /favicon.ico HTTP/1.1" 304 -
::1 - - [29/Jul/2024:16:50:32 +0000] "GET /favicon.ico HTTP/1.1" 304 -
::1 - - [29/Jul/2024:16:50:33 +0000] "GET /favicon.ico HTTP/1.1" 304 -
::1 - - [30/Jul/2024:02:06:19 +0000] "GET /favicon.ico HTTP/1.1" 304 -
::1 - - [30/Jul/2024:02:06:22 +0000] "GET /favicon.ico HTTP/1.1" 304 -
::1 - - [30/Jul/2024:02:06:28 +0000] "GET /favicon.ico HTTP/1.1" 304 -
::1 - - [30/Jul/2024:02:06:32 +0000] "GET /favicon.ico HTTP/1.1" 304 -
::1 - - [30/Jul/2024:02:06:36 +0000] "GET /favicon.ico HTTP/1.1" 304 -
::1 - - [30/Jul/2024:02:06:36 +0000] "GET /favicon.ico HTTP/1.1" 304 -
::1 - - [30/Jul/2024:02:06:36 +0000] "GET /favicon.ico HTTP/1.1" 304 -
::1 - - [30/Jul/2024:02:06:37 +0000] "GET /favicon.ico HTTP/1.1" 304 -
::1 - - [30/Jul/2024:02:06:37 +0000] "GET /favicon.ico HTTP/1.1" 304 -
::1 - - [30/Jul/2024:02:06:37 +0000] "GET /favicon.ico HTTP/1.1" 304 -
::1 - - [30/Jul/2024:02:06:37 +0000] "GET /favicon.ico HTTP/1.1" 304 -
::1 - - [30/Jul/2024:02:06:37 +0000] "GET /favicon.ico HTTP/1.1" 304 -
::1 - - [30/Jul/2024:02:06:37 +0000] "GET /favicon.ico HTTP/1.1" 304 -
::1 - - [30/Jul/2024:02:06:38 +0000] "GET /favicon.ico HTTP/1.1" 304 -
::1 - - [30/Jul/2024:02:06:38 +0000] "GET /favicon.ico HTTP/1.1" 304 -
::1 - - [30/Jul/2024:02:06:39 +0000] "GET /favicon.ico HTTP/1.1" 200 239
::1 - - [30/Jul/2024:02:06:39 +0000] "GET /favicon.ico HTTP/1.1" 304 -
::1 - - [30/Jul/2024:02:06:39 +0000] "GET /favicon.ico HTTP/1.1" 304 -
::1 - - [30/Jul/2024:02:06:39 +0000] "GET /favicon.ico HTTP/1.1" 200 239
::1 - - [30/Jul/2024:02:06:41 +0000] "GET /favicon.ico HTTP/1.1" 304 -
::1 - - [30/Jul/2024:02:07:25 +0000] "GET /favicon.ico HTTP/1.1" 304 -
::1 - - [30/Jul/2024:02:07:28 +0000] "GET /favicon.ico HTTP/1.1" 304 -
::1 - - [30/Jul/2024:02:07:28 +0000] "GET /favicon.ico HTTP/1.1" 304 -
::1 - - [30/Jul/2024:02:07:28 +0000] "GET /favicon.ico HTTP/1.1" 304 -
::1 - - [30/Jul/2024:02:07:28 +0000] "GET /favicon.ico HTTP/1.1" 304 -
::1 - - [30/Jul/2024:02:07:28 +0000] "GET /favicon.ico HTTP/1.1" 304 -
::1 - - [30/Jul/2024:02:07:29 +0000] "GET /favicon.ico HTTP/1.1" 304 -
::1 - - [30/Jul/2024:02:07:29 +0000] "GET /favicon.ico HTTP/1.1" 200 239
::1 - - [30/Jul/2024:02:08:48 +0000] "GET /favicon.ico HTTP/1.1" 304 -
::ffff:127.0.0.1 - - [30/Jul/2024:04:41:50 +0000] "GET /create-post/1 HTTP/1.1" 200 239
::1 - - [06/Aug/2024:02:56:14 +0000] "GET /favicon.ico HTTP/1.1" 200 239
::ffff:127.0.0.1 - - [06/Aug/2024:03:31:00 +0000] "POST /categories/3/create-posts HTTP/1.1" 200 239
::ffff:127.0.0.1 - - [06/Aug/2024:04:50:25 +0000] "POST /delete-post/1 HTTP/1.1" 200 239
